c:\users\rabit\downloads\2018182027_월수_이예림.zip\2018182027_월수_이예림.zip\과제2\debug\vc142.pdb
c:\users\rabit\downloads\2018182027_월수_이예림.zip\2018182027_월수_이예림.zip\과제2\debug\vc142.idb
c:\users\rabit\downloads\2018182027_월수_이예림.zip\2018182027_월수_이예림.zip\과제2\debug\실습15.obj
c:\users\rabit\downloads\2018182027_월수_이예림.zip\2018182027_월수_이예림.zip\과제2\debug\shaderloader.obj
c:\users\rabit\downloads\2018182027_월수_이예림.zip\2018182027_월수_이예림.zip\과제2\debug\robot.obj
c:\users\rabit\downloads\2018182027_월수_이예림.zip\2018182027_월수_이예림.zip\과제2\debug\loadobj.obj
c:\users\rabit\downloads\2018182027_월수_이예림.zip\2018182027_월수_이예림.zip\과제2\debug\cube.obj
c:\users\rabit\downloads\2018182027_월수_이예림.zip\2018182027_월수_이예림.zip\과제2\debug\camera.obj
c:\users\rabit\downloads\2018182027_월수_이예림.zip\2018182027_월수_이예림.zip\과제2\debug\bottom.obj
c:\users\rabit\downloads\2018182027_월수_이예림.zip\2018182027_월수_이예림.zip\debug\과제2.pdb
c:\users\rabit\downloads\2018182027_월수_이예림.zip\2018182027_월수_이예림.zip\과제2\debug\과제2.tlog\cl.command.1.tlog
c:\users\rabit\downloads\2018182027_월수_이예림.zip\2018182027_월수_이예림.zip\과제2\debug\과제2.tlog\cl.read.1.tlog
c:\users\rabit\downloads\2018182027_월수_이예림.zip\2018182027_월수_이예림.zip\과제2\debug\과제2.tlog\cl.write.1.tlog
c:\users\rabit\downloads\2018182027_월수_이예림.zip\2018182027_월수_이예림.zip\과제2\debug\과제2.tlog\link.8688-cvtres.read.1.tlog
c:\users\rabit\downloads\2018182027_월수_이예림.zip\2018182027_월수_이예림.zip\과제2\debug\과제2.tlog\link.8688-cvtres.write.1.tlog
c:\users\rabit\downloads\2018182027_월수_이예림.zip\2018182027_월수_이예림.zip\과제2\debug\과제2.tlog\link.8688-rc.read.1.tlog
c:\users\rabit\downloads\2018182027_월수_이예림.zip\2018182027_월수_이예림.zip\과제2\debug\과제2.tlog\link.8688-rc.write.1.tlog
c:\users\rabit\downloads\2018182027_월수_이예림.zip\2018182027_월수_이예림.zip\과제2\debug\과제2.tlog\link.8688.read.1.tlog
c:\users\rabit\downloads\2018182027_월수_이예림.zip\2018182027_월수_이예림.zip\과제2\debug\과제2.tlog\link.8688.write.1.tlog
c:\users\rabit\downloads\2018182027_월수_이예림.zip\2018182027_월수_이예림.zip\과제2\debug\과제2.tlog\link.command.1.tlog
c:\users\rabit\downloads\2018182027_월수_이예림.zip\2018182027_월수_이예림.zip\과제2\debug\과제2.tlog\link.read.1.tlog
c:\users\rabit\downloads\2018182027_월수_이예림.zip\2018182027_월수_이예림.zip\과제2\debug\과제2.tlog\link.write.1.tlog
